<?xml version="1.0" encoding="UTF-8"?>
<!-- Generated by org.testng.reporters.JUnitReportReporter -->
<testsuite hostname="LAPTOP-GAB8185M" failures="0" tests="4" name="testScenarioOne.MenuCheck" time="1.381" errors="0" timestamp="2024-09-15T19:27:52 IST" skipped="0">
  <testcase classname="testScenarioOne.MenuCheck" name="test1" time="0.020"/>
  <system-out/>
  <testcase classname="testScenarioOne.MenuCheck" name="test2" time="0.109"/>
  <system-out/>
  <testcase classname="testScenarioOne.MenuCheck" name="test3" time="0.164"/>
  <system-out/>
  <testcase classname="testScenarioOne.MenuCheck" name="test4" time="1.088"/>
  <system-out/>
</testsuite> <!-- testScenarioOne.MenuCheck -->
