<?xml version="1.0" encoding="UTF-8"?>
<!-- Generated by org.testng.reporters.JUnitReportReporter -->
<testsuite hostname="LTIN340261" name="testScenarioThree.FilterCheck" tests="5" failures="0" timestamp="19 Mar 2022 09:53:17 GMT" time="3.425" errors="0">
  <testcase name="test18" time="0.025" classname="testScenarioThree.FilterCheck"/>
  <testcase name="test16" time="3.127" classname="testScenarioThree.FilterCheck"/>
  <testcase name="test20" time="0.024" classname="testScenarioThree.FilterCheck"/>
  <testcase name="test19" time="0.126" classname="testScenarioThree.FilterCheck"/>
  <testcase name="test17" time="0.123" classname="testScenarioThree.FilterCheck"/>
</testsuite> <!-- testScenarioThree.FilterCheck -->
