<?xml version="1.0" encoding="UTF-8"?>
<!-- Generated by org.testng.reporters.JUnitReportReporter -->
<testsuite hostname="LTIN340261" name="testScenarioTwo.CabsDataValidation" tests="16" failures="0" timestamp="19 Mar 2022 10:01:13 GMT" time="20.355" errors="0">
  <testcase name="test10" time="1.106" classname="testScenarioTwo.CabsDataValidation"/>
  <testcase name="test12" time="0.027" classname="testScenarioTwo.CabsDataValidation"/>
  <testcase name="test20" time="0.027" classname="testScenarioTwo.CabsDataValidation"/>
  <testcase name="test17" time="0.216" classname="testScenarioTwo.CabsDataValidation"/>
  <testcase name="test18" time="0.029" classname="testScenarioTwo.CabsDataValidation"/>
  <testcase name="test8" time="1.119" classname="testScenarioTwo.CabsDataValidation"/>
  <testcase name="test6" time="1.159" classname="testScenarioTwo.CabsDataValidation"/>
  <testcase name="test9" time="1.258" classname="testScenarioTwo.CabsDataValidation"/>
  <testcase name="test13" time="1.087" classname="testScenarioTwo.CabsDataValidation"/>
  <testcase name="test11" time="5.132" classname="testScenarioTwo.CabsDataValidation"/>
  <testcase name="test16" time="2.809" classname="testScenarioTwo.CabsDataValidation"/>
  <testcase name="test7" time="1.860" classname="testScenarioTwo.CabsDataValidation"/>
  <testcase name="test5" time="0.514" classname="testScenarioTwo.CabsDataValidation"/>
  <testcase name="test19" time="0.163" classname="testScenarioTwo.CabsDataValidation"/>
  <testcase name="test14" time="2.102" classname="testScenarioTwo.CabsDataValidation"/>
  <testcase name="test15" time="1.747" classname="testScenarioTwo.CabsDataValidation"/>
</testsuite> <!-- testScenarioTwo.CabsDataValidation -->
